C51 COMPILER V9.60.0.0   CODETAB                                                           10/09/2019 09:31:56 PAGE 1   


C51 COMPILER V9.60.0.0, COMPILATION OF MODULE CODETAB
OBJECT MODULE PLACED IN .\Objects\codetab.obj
COMPILER INVOKED BY: D:\workdone\keil5\c51&arm\C51\BIN\C51.EXE Src\codetab.c OPTIMIZE(8,SPEED) BROWSE INCDIR(.\Inc;.\Con
                    -fig) DEBUG OBJECTEXTEND PRINT(.\Listings\codetab.lst) TABS(2) OBJECT(.\Objects\codetab.obj)

line level    source

   1          #include "codetab.h" 
   2          /***************************16*16的点阵字体取模方式：共阴――列行式――逆向输出*********/
   3          unsigned char code F16x16[] =        
   4          {
   5          0x00,0x00,0x00,0x00,0x00,0x00,0x00,0x00,0x00,0x00,0x00,0x00,0x00,0x00,0x00,0x00,/*" ",0*/
   6          0x00,0x00,0x00,0x00,0x00,0x00,0x00,0x00,0x00,0x00,0x00,0x00,0x00,0x00,0x00,0x00,/*" ",0*/
   7          
   8          0x00,0x02,0x02,0xFA,0xFA,0xAA,0xAA,0xFF,0xFF,0xAA,0xAA,0xFA,0xFA,0x02,0x02,0x00,
   9          0x00,0x42,0x72,0x72,0x3A,0x7A,0x42,0x4B,0x5B,0x52,0x62,0x62,0x13,0x77,0x66,0x00,/*"惠",1*/
  10          
  11          0x20,0x3C,0x1C,0xFF,0xFF,0xB0,0xB4,0x24,0x24,0x3F,0x3F,0xE4,0xE4,0x24,0x24,0x20,
  12          0x02,0x02,0x03,0xFF,0xFF,0x00,0x01,0x05,0x1D,0x59,0xC1,0xFF,0x7F,0x01,0x01,0x01,/*"特",2*/
  13          
  14          0x00,0x00,0x00,0xF8,0xF8,0x48,0x4C,0x4F,0x4B,0x4A,0x48,0x48,0xF8,0xF8,0x00,0x00,
  15          0x00,0x00,0x00,0xFF,0xFF,0x44,0x44,0x44,0x44,0x44,0x44,0x44,0xFF,0xFF,0x00,0x00,/*"自",3*/
  16          
  17          0x20,0x24,0x24,0xE4,0xE4,0x24,0x24,0x24,0x30,0x10,0xFF,0xFF,0x10,0xF0,0xF0,0x00,
  18          0x08,0x1C,0x1F,0x0B,0x0C,0x0D,0x4F,0x6E,0x34,0x1C,0x0F,0x23,0x60,0x7F,0x3F,0x00,/*"动",4*/
  19          
  20          0x80,0xC0,0x60,0xF8,0xFF,0x07,0x02,0x00,0xFF,0xFF,0xE0,0x70,0x3C,0x1C,0x08,0x00,
  21          0x00,0x00,0x00,0x7F,0x7F,0x04,0x06,0x03,0x3F,0x7F,0x40,0x40,0x40,0x78,0x78,0x00,/*"化",5*/
  22          
  23          0x00,0x00,0x00,0x00,0x00,0x00,0x00,0x00,0x00,0x00,0x00,0x00,0x00,0x00,0x00,0x00,/*" ",6*/
  24          0x00,0x00,0x00,0x00,0x00,0x00,0x00,0x00,0x00,0x00,0x00,0x00,0x00,0x00,0x00,0x00,/*" ",6*/
  25          0x00,0x00,0x00,0x00,0x00,0x00,0x00,0x00,0x00,0x00,0x00,0x00,0x00,0x00,0x00,0x00,/*" ",7*/
  26          0x00,0x00,0x00,0x00,0x00,0x00,0x00,0x00,0x00,0x00,0x00,0x00,0x00,0x00,0x00,0x00,/*" ",7*/
  27            
  28          0x00,0x00,0x80,0x40,0xC8,0x38,0x24,0x00,0xE0,0x20,0x20,0x20,0xF0,0x20,0x00,0x00,
  29          0x00,0x08,0x04,0x02,0x3F,0x01,0x02,0x10,0x08,0x05,0x01,0x01,0x05,0x08,0x10,0x00,/*"积",8*/
  30            
  31          0x00,0x00,0x30,0xD0,0x90,0x70,0x10,0x00,0x00,0x20,0xFC,0xA0,0x80,0x00,0x00,0x00,
  32          0x00,0x20,0x2C,0x10,0x1D,0x12,0x2A,0x20,0x21,0x25,0x3E,0x24,0x24,0x20,0x20,0x00,/*"跬",9*/
  33            
  34          0x00,0x00,0x00,0x80,0x80,0x70,0x40,0x40,0xFE,0x48,0x48,0xC0,0x40,0x00,0x00,0x00,
  35          0x00,0x00,0x00,0x80,0x4C,0x46,0x20,0x2E,0x11,0x08,0x06,0x01,0x00,0x00,0x00,0x00,/*"步",10*/
  36          
  37          0x00,0x00,0x00,0x00,0x00,0x00,0x00,0x00,0x00,0x00,0x00,0x00,0x00,0x00,0x00,0x00,
  38          0x00,0x00,0x00,0x00,0x00,0x00,0x00,0x00,0x00,0x00,0x00,0x00,0x00,0x00,0x00,0x00,/*" ",11*/
  39          
  40          0x00,0x00,0x00,0x00,0x80,0xC8,0xA8,0x98,0x88,0x84,0x64,0xC4,0x00,0x00,0x00,0x00,
  41          0x00,0x20,0x20,0x20,0x20,0x24,0x24,0x3F,0x25,0x24,0x24,0x20,0x10,0x20,0x20,0x00,/*"至",12*/
  42          
  43          0x00,0x00,0x00,0x00,0x00,0x90,0x90,0xF8,0x88,0x84,0x84,0x80,0x80,0x80,0x80,0x00,
  44          0x00,0x00,0x01,0x01,0x01,0x00,0x00,0x7F,0x00,0x00,0x00,0x00,0x00,0x00,0x00,0x00,/*"千",13*/
  45          
  46          0x00,0x00,0x00,0x00,0x78,0x88,0x08,0xF8,0x28,0xA8,0x88,0x7C,0x08,0x00,0x00,0x00,
  47          0x00,0x20,0x20,0x20,0x20,0x25,0x25,0x3F,0x25,0x24,0x24,0x20,0x10,0x10,0x20,0x00,/*"里",14*/
  48          
  49          0x00,0x00,0x00,0x00,0x00,0x00,0x00,0x00,0x00,0x00,0x00,0x00,0x00,0x00,0x00,0x00,/*" ",15*/
  50          0x00,0x00,0x00,0x00,0x00,0x00,0x00,0x00,0x00,0x00,0x00,0x00,0x00,0x00,0x00,0x00,/*" ",15*/
  51          
  52          };
  53          
  54          /************************************6*8的点阵************************************/
C51 COMPILER V9.60.0.0   CODETAB                                                           10/09/2019 09:31:56 PAGE 2   

  55          const unsigned char code F6x8[][6] =    
  56          {
  57          0x00, 0x00, 0x00, 0x00, 0x00, 0x00,// sp
  58          0x00, 0x00, 0x00, 0x2f, 0x00, 0x00,// !
  59          0x00, 0x00, 0x07, 0x00, 0x07, 0x00,// "
  60          0x00, 0x14, 0x7f, 0x14, 0x7f, 0x14,// #
  61          0x00, 0x24, 0x2a, 0x7f, 0x2a, 0x12,// $
  62          0x00, 0x62, 0x64, 0x08, 0x13, 0x23,// %
  63          0x00, 0x36, 0x49, 0x55, 0x22, 0x50,// &
  64          0x00, 0x00, 0x05, 0x03, 0x00, 0x00,// '
  65          0x00, 0x00, 0x1c, 0x22, 0x41, 0x00,// (
  66          0x00, 0x00, 0x41, 0x22, 0x1c, 0x00,// )
  67          0x00, 0x14, 0x08, 0x3E, 0x08, 0x14,// *
  68          0x00, 0x08, 0x08, 0x3E, 0x08, 0x08,// +
  69          0x00, 0x00, 0x00, 0xA0, 0x60, 0x00,// ,
  70          0x00, 0x08, 0x08, 0x08, 0x08, 0x08,// -
  71          0x00, 0x00, 0x60, 0x60, 0x00, 0x00,// .
  72          0x00, 0x20, 0x10, 0x08, 0x04, 0x02,// /
  73          0x00, 0x3E, 0x51, 0x49, 0x45, 0x3E,// 0
  74          0x00, 0x00, 0x42, 0x7F, 0x40, 0x00,// 1
  75          0x00, 0x42, 0x61, 0x51, 0x49, 0x46,// 2
  76          0x00, 0x21, 0x41, 0x45, 0x4B, 0x31,// 3
  77          0x00, 0x18, 0x14, 0x12, 0x7F, 0x10,// 4
  78          0x00, 0x27, 0x45, 0x45, 0x45, 0x39,// 5
  79          0x00, 0x3C, 0x4A, 0x49, 0x49, 0x30,// 6
  80          0x00, 0x01, 0x71, 0x09, 0x05, 0x03,// 7
  81          0x00, 0x36, 0x49, 0x49, 0x49, 0x36,// 8
  82          0x00, 0x06, 0x49, 0x49, 0x29, 0x1E,// 9
  83          0x00, 0x00, 0x36, 0x36, 0x00, 0x00,// :
  84          0x00, 0x00, 0x56, 0x36, 0x00, 0x00,// ;
  85          0x00, 0x08, 0x14, 0x22, 0x41, 0x00,// <
  86          0x00, 0x14, 0x14, 0x14, 0x14, 0x14,// =
  87          0x00, 0x00, 0x41, 0x22, 0x14, 0x08,// >
  88          0x00, 0x02, 0x01, 0x51, 0x09, 0x06,// ?
  89          0x00, 0x32, 0x49, 0x59, 0x51, 0x3E,// @
  90          0x00, 0x7C, 0x12, 0x11, 0x12, 0x7C,// A
  91          0x00, 0x7F, 0x49, 0x49, 0x49, 0x36,// B
  92          0x00, 0x3E, 0x41, 0x41, 0x41, 0x22,// C
  93          0x00, 0x7F, 0x41, 0x41, 0x22, 0x1C,// D
  94          0x00, 0x7F, 0x49, 0x49, 0x49, 0x41,// E
  95          0x00, 0x7F, 0x09, 0x09, 0x09, 0x01,// F
  96          0x00, 0x3E, 0x41, 0x49, 0x49, 0x7A,// G
  97          0x00, 0x7F, 0x08, 0x08, 0x08, 0x7F,// H
  98          0x00, 0x00, 0x41, 0x7F, 0x41, 0x00,// I
  99          0x00, 0x20, 0x40, 0x41, 0x3F, 0x01,// J
 100          0x00, 0x7F, 0x08, 0x14, 0x22, 0x41,// K
 101          0x00, 0x7F, 0x40, 0x40, 0x40, 0x40,// L
 102          0x00, 0x7F, 0x02, 0x0C, 0x02, 0x7F,// M
 103          0x00, 0x7F, 0x04, 0x08, 0x10, 0x7F,// N
 104          0x00, 0x3E, 0x41, 0x41, 0x41, 0x3E,// O
 105          0x00, 0x7F, 0x09, 0x09, 0x09, 0x06,// P
 106          0x00, 0x3E, 0x41, 0x51, 0x21, 0x5E,// Q
 107          0x00, 0x7F, 0x09, 0x19, 0x29, 0x46,// R
 108          0x00, 0x46, 0x49, 0x49, 0x49, 0x31,// S
 109          0x00, 0x01, 0x01, 0x7F, 0x01, 0x01,// T
 110          0x00, 0x3F, 0x40, 0x40, 0x40, 0x3F,// U
 111          0x00, 0x1F, 0x20, 0x40, 0x20, 0x1F,// V
 112          0x00, 0x3F, 0x40, 0x38, 0x40, 0x3F,// W
 113          0x00, 0x63, 0x14, 0x08, 0x14, 0x63,// X
 114          0x00, 0x07, 0x08, 0x70, 0x08, 0x07,// Y
 115          0x00, 0x61, 0x51, 0x49, 0x45, 0x43,// Z
 116          0x00, 0x00, 0x7F, 0x41, 0x41, 0x00,// [
C51 COMPILER V9.60.0.0   CODETAB                                                           10/09/2019 09:31:56 PAGE 3   

 117          0x00, 0x55, 0x2A, 0x55, 0x2A, 0x55,// 55
 118          0x00, 0x00, 0x41, 0x41, 0x7F, 0x00,// ]
 119          0x00, 0x04, 0x02, 0x01, 0x02, 0x04,// ^
 120          0x00, 0x40, 0x40, 0x40, 0x40, 0x40,// _
 121          0x00, 0x00, 0x01, 0x02, 0x04, 0x00,// '
 122          0x00, 0x20, 0x54, 0x54, 0x54, 0x78,// a
 123          0x00, 0x7F, 0x48, 0x44, 0x44, 0x38,// b
 124          0x00, 0x38, 0x44, 0x44, 0x44, 0x20,// c
 125          0x00, 0x38, 0x44, 0x44, 0x48, 0x7F,// d
 126          0x00, 0x38, 0x54, 0x54, 0x54, 0x18,// e
 127          0x00, 0x08, 0x7E, 0x09, 0x01, 0x02,// f
 128          0x00, 0x18, 0xA4, 0xA4, 0xA4, 0x7C,// g
 129          0x00, 0x7F, 0x08, 0x04, 0x04, 0x78,// h
 130          0x00, 0x00, 0x44, 0x7D, 0x40, 0x00,// i
 131          0x00, 0x40, 0x80, 0x84, 0x7D, 0x00,// j
 132          0x00, 0x7F, 0x10, 0x28, 0x44, 0x00,// k
 133          0x00, 0x00, 0x41, 0x7F, 0x40, 0x00,// l
 134          0x00, 0x7C, 0x04, 0x18, 0x04, 0x78,// m
 135          0x00, 0x7C, 0x08, 0x04, 0x04, 0x78,// n
 136          0x00, 0x38, 0x44, 0x44, 0x44, 0x38,// o
 137          0x00, 0xFC, 0x24, 0x24, 0x24, 0x18,// p
 138          0x00, 0x18, 0x24, 0x24, 0x18, 0xFC,// q
 139          0x00, 0x7C, 0x08, 0x04, 0x04, 0x08,// r
 140          0x00, 0x48, 0x54, 0x54, 0x54, 0x20,// s
 141          0x00, 0x04, 0x3F, 0x44, 0x40, 0x20,// t
 142          0x00, 0x3C, 0x40, 0x40, 0x20, 0x7C,// u
 143          0x00, 0x1C, 0x20, 0x40, 0x20, 0x1C,// v
 144          0x00, 0x3C, 0x40, 0x30, 0x40, 0x3C,// w
 145          0x00, 0x44, 0x28, 0x10, 0x28, 0x44,// x
 146          0x00, 0x1C, 0xA0, 0xA0, 0xA0, 0x7C,// y
 147          0x00, 0x44, 0x64, 0x54, 0x4C, 0x44,// z
 148          0x14, 0x14, 0x14, 0x14, 0x14, 0x14,// horiz lines
 149          };
 150          /****************************************8*16的点阵************************************/
 151          const unsigned char code F8X16[]=   
 152          {
 153            0x00,0x00,0x00,0x00,0x00,0x00,0x00,0x00,0x00,0x00,0x00,0x00,0x00,0x00,0x00,0x00,// 0
 154            0x00,0x00,0x00,0xF8,0x00,0x00,0x00,0x00,0x00,0x00,0x00,0x33,0x30,0x00,0x00,0x00,//! 1
 155            0x00,0x10,0x0C,0x06,0x10,0x0C,0x06,0x00,0x00,0x00,0x00,0x00,0x00,0x00,0x00,0x00,//" 2
 156            0x40,0xC0,0x78,0x40,0xC0,0x78,0x40,0x00,0x04,0x3F,0x04,0x04,0x3F,0x04,0x04,0x00,//# 3
 157            0x00,0x70,0x88,0xFC,0x08,0x30,0x00,0x00,0x00,0x18,0x20,0xFF,0x21,0x1E,0x00,0x00,//$ 4
 158            0xF0,0x08,0xF0,0x00,0xE0,0x18,0x00,0x00,0x00,0x21,0x1C,0x03,0x1E,0x21,0x1E,0x00,//% 5
 159            0x00,0xF0,0x08,0x88,0x70,0x00,0x00,0x00,0x1E,0x21,0x23,0x24,0x19,0x27,0x21,0x10,//& 6
 160            0x10,0x16,0x0E,0x00,0x00,0x00,0x00,0x00,0x00,0x00,0x00,0x00,0x00,0x00,0x00,0x00,//' 7
 161            0x00,0x00,0x00,0xE0,0x18,0x04,0x02,0x00,0x00,0x00,0x00,0x07,0x18,0x20,0x40,0x00,//( 8
 162            0x00,0x02,0x04,0x18,0xE0,0x00,0x00,0x00,0x00,0x40,0x20,0x18,0x07,0x00,0x00,0x00,//) 9
 163            0x40,0x40,0x80,0xF0,0x80,0x40,0x40,0x00,0x02,0x02,0x01,0x0F,0x01,0x02,0x02,0x00,//* 10
 164            0x00,0x00,0x00,0xF0,0x00,0x00,0x00,0x00,0x01,0x01,0x01,0x1F,0x01,0x01,0x01,0x00,//+ 11
 165            0x00,0x00,0x00,0x00,0x00,0x00,0x00,0x00,0x80,0xB0,0x70,0x00,0x00,0x00,0x00,0x00,//, 12
 166            0x00,0x00,0x00,0x00,0x00,0x00,0x00,0x00,0x00,0x01,0x01,0x01,0x01,0x01,0x01,0x01,//- 13
 167            0x00,0x00,0x00,0x00,0x00,0x00,0x00,0x00,0x00,0x30,0x30,0x00,0x00,0x00,0x00,0x00,//. 14
 168            0x00,0x00,0x00,0x00,0x80,0x60,0x18,0x04,0x00,0x60,0x18,0x06,0x01,0x00,0x00,0x00,/// 15
 169            0x00,0xE0,0x10,0x08,0x08,0x10,0xE0,0x00,0x00,0x0F,0x10,0x20,0x20,0x10,0x0F,0x00,//0 16
 170            0x00,0x10,0x10,0xF8,0x00,0x00,0x00,0x00,0x00,0x20,0x20,0x3F,0x20,0x20,0x00,0x00,//1 17
 171            0x00,0x70,0x08,0x08,0x08,0x88,0x70,0x00,0x00,0x30,0x28,0x24,0x22,0x21,0x30,0x00,//2 18
 172            0x00,0x30,0x08,0x88,0x88,0x48,0x30,0x00,0x00,0x18,0x20,0x20,0x20,0x11,0x0E,0x00,//3 19
 173            0x00,0x00,0xC0,0x20,0x10,0xF8,0x00,0x00,0x00,0x07,0x04,0x24,0x24,0x3F,0x24,0x00,//4 20
 174            0x00,0xF8,0x08,0x88,0x88,0x08,0x08,0x00,0x00,0x19,0x21,0x20,0x20,0x11,0x0E,0x00,//5 21
 175            0x00,0xE0,0x10,0x88,0x88,0x18,0x00,0x00,0x00,0x0F,0x11,0x20,0x20,0x11,0x0E,0x00,//6 22
 176            0x00,0x38,0x08,0x08,0xC8,0x38,0x08,0x00,0x00,0x00,0x00,0x3F,0x00,0x00,0x00,0x00,//7 23
 177            0x00,0x70,0x88,0x08,0x08,0x88,0x70,0x00,0x00,0x1C,0x22,0x21,0x21,0x22,0x1C,0x00,//8 24
 178            0x00,0xE0,0x10,0x08,0x08,0x10,0xE0,0x00,0x00,0x00,0x31,0x22,0x22,0x11,0x0F,0x00,//9 25
C51 COMPILER V9.60.0.0   CODETAB                                                           10/09/2019 09:31:56 PAGE 4   

 179            0x00,0x00,0x00,0xC0,0xC0,0x00,0x00,0x00,0x00,0x00,0x00,0x30,0x30,0x00,0x00,0x00,//: 26
 180            0x00,0x00,0x00,0x80,0x00,0x00,0x00,0x00,0x00,0x00,0x80,0x60,0x00,0x00,0x00,0x00,//; 27
 181            0x00,0x00,0x80,0x40,0x20,0x10,0x08,0x00,0x00,0x01,0x02,0x04,0x08,0x10,0x20,0x00,//< 28
 182            0x40,0x40,0x40,0x40,0x40,0x40,0x40,0x00,0x04,0x04,0x04,0x04,0x04,0x04,0x04,0x00,//= 29
 183            0x00,0x08,0x10,0x20,0x40,0x80,0x00,0x00,0x00,0x20,0x10,0x08,0x04,0x02,0x01,0x00,//> 30
 184            0x00,0x70,0x48,0x08,0x08,0x08,0xF0,0x00,0x00,0x00,0x00,0x30,0x36,0x01,0x00,0x00,//? 31
 185            0xC0,0x30,0xC8,0x28,0xE8,0x10,0xE0,0x00,0x07,0x18,0x27,0x24,0x23,0x14,0x0B,0x00,//@ 32
 186            0x00,0x00,0xC0,0x38,0xE0,0x00,0x00,0x00,0x20,0x3C,0x23,0x02,0x02,0x27,0x38,0x20,//A 33
 187            0x08,0xF8,0x88,0x88,0x88,0x70,0x00,0x00,0x20,0x3F,0x20,0x20,0x20,0x11,0x0E,0x00,//B 34
 188            0xC0,0x30,0x08,0x08,0x08,0x08,0x38,0x00,0x07,0x18,0x20,0x20,0x20,0x10,0x08,0x00,//C 35
 189            0x08,0xF8,0x08,0x08,0x08,0x10,0xE0,0x00,0x20,0x3F,0x20,0x20,0x20,0x10,0x0F,0x00,//D 36
 190            0x08,0xF8,0x88,0x88,0xE8,0x08,0x10,0x00,0x20,0x3F,0x20,0x20,0x23,0x20,0x18,0x00,//E 37
 191            0x08,0xF8,0x88,0x88,0xE8,0x08,0x10,0x00,0x20,0x3F,0x20,0x00,0x03,0x00,0x00,0x00,//F 38
 192            0xC0,0x30,0x08,0x08,0x08,0x38,0x00,0x00,0x07,0x18,0x20,0x20,0x22,0x1E,0x02,0x00,//G 39
 193            0x08,0xF8,0x08,0x00,0x00,0x08,0xF8,0x08,0x20,0x3F,0x21,0x01,0x01,0x21,0x3F,0x20,//H 40
 194            0x00,0x08,0x08,0xF8,0x08,0x08,0x00,0x00,0x00,0x20,0x20,0x3F,0x20,0x20,0x00,0x00,//I 41
 195            0x00,0x00,0x08,0x08,0xF8,0x08,0x08,0x00,0xC0,0x80,0x80,0x80,0x7F,0x00,0x00,0x00,//J 42
 196            0x08,0xF8,0x88,0xC0,0x28,0x18,0x08,0x00,0x20,0x3F,0x20,0x01,0x26,0x38,0x20,0x00,//K 43
 197            0x08,0xF8,0x08,0x00,0x00,0x00,0x00,0x00,0x20,0x3F,0x20,0x20,0x20,0x20,0x30,0x00,//L 44
 198            0x08,0xF8,0xF8,0x00,0xF8,0xF8,0x08,0x00,0x20,0x3F,0x00,0x3F,0x00,0x3F,0x20,0x00,//M 45
 199            0x08,0xF8,0x30,0xC0,0x00,0x08,0xF8,0x08,0x20,0x3F,0x20,0x00,0x07,0x18,0x3F,0x00,//N 46
 200            0xE0,0x10,0x08,0x08,0x08,0x10,0xE0,0x00,0x0F,0x10,0x20,0x20,0x20,0x10,0x0F,0x00,//O 47
 201            0x08,0xF8,0x08,0x08,0x08,0x08,0xF0,0x00,0x20,0x3F,0x21,0x01,0x01,0x01,0x00,0x00,//P 48
 202            0xE0,0x10,0x08,0x08,0x08,0x10,0xE0,0x00,0x0F,0x18,0x24,0x24,0x38,0x50,0x4F,0x00,//Q 49
 203            0x08,0xF8,0x88,0x88,0x88,0x88,0x70,0x00,0x20,0x3F,0x20,0x00,0x03,0x0C,0x30,0x20,//R 50
 204            0x00,0x70,0x88,0x08,0x08,0x08,0x38,0x00,0x00,0x38,0x20,0x21,0x21,0x22,0x1C,0x00,//S 51
 205            0x18,0x08,0x08,0xF8,0x08,0x08,0x18,0x00,0x00,0x00,0x20,0x3F,0x20,0x00,0x00,0x00,//T 52
 206            0x08,0xF8,0x08,0x00,0x00,0x08,0xF8,0x08,0x00,0x1F,0x20,0x20,0x20,0x20,0x1F,0x00,//U 53
 207            0x08,0x78,0x88,0x00,0x00,0xC8,0x38,0x08,0x00,0x00,0x07,0x38,0x0E,0x01,0x00,0x00,//V 54
 208            0xF8,0x08,0x00,0xF8,0x00,0x08,0xF8,0x00,0x03,0x3C,0x07,0x00,0x07,0x3C,0x03,0x00,//W 55
 209            0x08,0x18,0x68,0x80,0x80,0x68,0x18,0x08,0x20,0x30,0x2C,0x03,0x03,0x2C,0x30,0x20,//X 56
 210            0x08,0x38,0xC8,0x00,0xC8,0x38,0x08,0x00,0x00,0x00,0x20,0x3F,0x20,0x00,0x00,0x00,//Y 57
 211            0x10,0x08,0x08,0x08,0xC8,0x38,0x08,0x00,0x20,0x38,0x26,0x21,0x20,0x20,0x18,0x00,//Z 58
 212            0x00,0x00,0x00,0xFE,0x02,0x02,0x02,0x00,0x00,0x00,0x00,0x7F,0x40,0x40,0x40,0x00,//[ 59
 213            0x00,0x0C,0x30,0xC0,0x00,0x00,0x00,0x00,0x00,0x00,0x00,0x01,0x06,0x38,0xC0,0x00,//\ 60
 214            0x00,0x02,0x02,0x02,0xFE,0x00,0x00,0x00,0x00,0x40,0x40,0x40,0x7F,0x00,0x00,0x00,//] 61
 215            0x00,0x00,0x04,0x02,0x02,0x02,0x04,0x00,0x00,0x00,0x00,0x00,0x00,0x00,0x00,0x00,//^ 62
 216            0x00,0x00,0x00,0x00,0x00,0x00,0x00,0x00,0x80,0x80,0x80,0x80,0x80,0x80,0x80,0x80,//_ 63
 217            0x00,0x02,0x02,0x04,0x00,0x00,0x00,0x00,0x00,0x00,0x00,0x00,0x00,0x00,0x00,0x00,//` 64
 218            0x00,0x00,0x80,0x80,0x80,0x80,0x00,0x00,0x00,0x19,0x24,0x22,0x22,0x22,0x3F,0x20,//a 65
 219            0x08,0xF8,0x00,0x80,0x80,0x00,0x00,0x00,0x00,0x3F,0x11,0x20,0x20,0x11,0x0E,0x00,//b 66
 220            0x00,0x00,0x00,0x80,0x80,0x80,0x00,0x00,0x00,0x0E,0x11,0x20,0x20,0x20,0x11,0x00,//c 67
 221            0x00,0x00,0x00,0x80,0x80,0x88,0xF8,0x00,0x00,0x0E,0x11,0x20,0x20,0x10,0x3F,0x20,//d 68
 222            0x00,0x00,0x80,0x80,0x80,0x80,0x00,0x00,0x00,0x1F,0x22,0x22,0x22,0x22,0x13,0x00,//e 69
 223            0x00,0x80,0x80,0xF0,0x88,0x88,0x88,0x18,0x00,0x20,0x20,0x3F,0x20,0x20,0x00,0x00,//f 70
 224            0x00,0x00,0x80,0x80,0x80,0x80,0x80,0x00,0x00,0x6B,0x94,0x94,0x94,0x93,0x60,0x00,//g 71
 225            0x08,0xF8,0x00,0x80,0x80,0x80,0x00,0x00,0x20,0x3F,0x21,0x00,0x00,0x20,0x3F,0x20,//h 72
 226            0x00,0x80,0x98,0x98,0x00,0x00,0x00,0x00,0x00,0x20,0x20,0x3F,0x20,0x20,0x00,0x00,//i 73
 227            0x00,0x00,0x00,0x80,0x98,0x98,0x00,0x00,0x00,0xC0,0x80,0x80,0x80,0x7F,0x00,0x00,//j 74
 228            0x08,0xF8,0x00,0x00,0x80,0x80,0x80,0x00,0x20,0x3F,0x24,0x02,0x2D,0x30,0x20,0x00,//k 75
 229            0x00,0x08,0x08,0xF8,0x00,0x00,0x00,0x00,0x00,0x20,0x20,0x3F,0x20,0x20,0x00,0x00,//l 76
 230            0x80,0x80,0x80,0x80,0x80,0x80,0x80,0x00,0x20,0x3F,0x20,0x00,0x3F,0x20,0x00,0x3F,//m 77
 231            0x80,0x80,0x00,0x80,0x80,0x80,0x00,0x00,0x20,0x3F,0x21,0x00,0x00,0x20,0x3F,0x20,//n 78
 232            0x00,0x00,0x80,0x80,0x80,0x80,0x00,0x00,0x00,0x1F,0x20,0x20,0x20,0x20,0x1F,0x00,//o 79
 233            0x80,0x80,0x00,0x80,0x80,0x00,0x00,0x00,0x80,0xFF,0xA1,0x20,0x20,0x11,0x0E,0x00,//p 80
 234            0x00,0x00,0x00,0x80,0x80,0x80,0x80,0x00,0x00,0x0E,0x11,0x20,0x20,0xA0,0xFF,0x80,//q 81
 235            0x80,0x80,0x80,0x00,0x80,0x80,0x80,0x00,0x20,0x20,0x3F,0x21,0x20,0x00,0x01,0x00,//r 82
 236            0x00,0x00,0x80,0x80,0x80,0x80,0x80,0x00,0x00,0x33,0x24,0x24,0x24,0x24,0x19,0x00,//s 83
 237            0x00,0x80,0x80,0xE0,0x80,0x80,0x00,0x00,0x00,0x00,0x00,0x1F,0x20,0x20,0x00,0x00,//t 84
 238            0x80,0x80,0x00,0x00,0x00,0x80,0x80,0x00,0x00,0x1F,0x20,0x20,0x20,0x10,0x3F,0x20,//u 85
 239            0x80,0x80,0x80,0x00,0x00,0x80,0x80,0x80,0x00,0x01,0x0E,0x30,0x08,0x06,0x01,0x00,//v 86
 240            0x80,0x80,0x00,0x80,0x00,0x80,0x80,0x80,0x0F,0x30,0x0C,0x03,0x0C,0x30,0x0F,0x00,//w 87
C51 COMPILER V9.60.0.0   CODETAB                                                           10/09/2019 09:31:56 PAGE 5   

 241            0x00,0x80,0x80,0x00,0x80,0x80,0x80,0x00,0x00,0x20,0x31,0x2E,0x0E,0x31,0x20,0x00,//x 88
 242            0x80,0x80,0x80,0x00,0x00,0x80,0x80,0x80,0x80,0x81,0x8E,0x70,0x18,0x06,0x01,0x00,//y 89
 243            0x00,0x80,0x80,0x80,0x80,0x80,0x80,0x00,0x00,0x21,0x30,0x2C,0x22,0x21,0x30,0x00,//z 90
 244            0x00,0x00,0x00,0x00,0x80,0x7C,0x02,0x02,0x00,0x00,0x00,0x00,0x00,0x3F,0x40,0x40,//{ 91
 245            0x00,0x00,0x00,0x00,0xFF,0x00,0x00,0x00,0x00,0x00,0x00,0x00,0xFF,0x00,0x00,0x00,//| 92
 246            0x00,0x02,0x02,0x7C,0x80,0x00,0x00,0x00,0x00,0x40,0x40,0x3F,0x00,0x00,0x00,0x00,//} 93
 247            0x00,0x06,0x01,0x01,0x02,0x02,0x04,0x04,0x00,0x00,0x00,0x00,0x00,0x00,0x00,0x00,//~ 94
 248          };
 249          
 250          unsigned char code BMP1[] =
 251          {
 252          0x00,0x00,0x00,0x00,0x00,0x00,0x00,0x00,0x00,0x00,0x00,0x00,0x00,0x00,0x00,0x20,
 253          0x20,0x20,0x20,0x20,0x20,0x60,0xC0,0x80,0x00,0x00,0x00,0x00,0x00,0x00,0x00,0x00,
 254          0x00,0x00,0x00,0x00,0x00,0x00,0x00,0x00,0x00,0x00,0x00,0x00,0x00,0x00,0x00,0x00,
 255          0x00,0x00,0x00,0x00,0x00,0x00,0x00,0x00,0x00,0x00,0x00,0x00,0x00,0x00,0x00,0x00,
 256          0x00,0x00,0x00,0x00,0x00,0x00,0x00,0x00,0x00,0x00,0x00,0x00,0x00,0x00,0x00,0x00,
 257          0x00,0x00,0x00,0x00,0x00,0x00,0x00,0x00,0x00,0x00,0x00,0x00,0x00,0x00,0x00,0x00,
 258          0x00,0x00,0x00,0x00,0x00,0x00,0x00,0x00,0x00,0x00,0x00,0x00,0x00,0x00,0x00,0x00,
 259          0x00,0x00,0x00,0x00,0x00,0x00,0x00,0x00,0x00,0x00,0x00,0x00,0x00,0x00,0x00,0x00,
 260          0x00,0x00,0x00,0x00,0x00,0x00,0x00,0x00,0x00,0x00,0x00,0x00,0x00,0x00,0x00,0x00,
 261          0x00,0x00,0x00,0x20,0x20,0x20,0x20,0x20,0x20,0x70,0x58,0xCF,0x80,0x00,0x00,0x00,
 262          0x00,0x00,0x00,0x00,0x1E,0xF0,0x00,0x00,0x80,0xC0,0x60,0x38,0x7C,0x80,0x00,0x80,
 263          0xE0,0x38,0x0C,0x06,0x00,0x00,0x00,0x00,0x00,0x00,0x00,0x00,0x00,0x00,0x00,0x00,
 264          0x00,0x00,0x00,0x00,0x00,0x00,0x00,0x00,0x00,0x00,0x00,0x00,0x00,0x00,0x00,0x00,
 265          0x00,0x00,0x00,0x00,0x00,0x00,0x00,0x00,0x00,0x00,0x00,0x00,0x00,0x00,0x00,0x00,
 266          0x00,0x00,0x00,0x00,0x00,0x00,0x00,0x00,0x00,0x00,0x00,0x00,0x00,0x00,0x00,0x00,
 267          0x00,0x00,0x00,0x00,0x00,0x00,0x00,0x00,0x00,0x00,0x00,0x00,0x00,0x00,0x00,0x00,
 268          0x00,0x00,0x00,0x00,0x00,0x00,0x00,0x00,0x00,0x00,0x00,0x00,0x00,0x00,0x00,0x00,
 269          0x00,0x00,0x00,0x00,0x00,0x06,0x0C,0x18,0x10,0x10,0x10,0x10,0x10,0x10,0x18,0x0C,
 270          0x07,0x00,0x00,0x00,0x00,0x00,0x00,0x00,0x00,0x8F,0x88,0x0E,0x03,0x00,0x00,0x00,
 271          0x00,0x0F,0x0E,0x03,0x00,0x00,0x00,0x00,0x08,0x00,0x00,0x00,0x00,0x00,0x00,0x00,
 272          0x00,0x00,0x00,0x00,0x80,0x00,0x00,0x00,0x00,0x00,0x00,0x00,0x00,0x00,0x00,0x00,
 273          0x00,0x00,0x00,0x00,0x00,0x00,0x00,0x00,0x00,0x00,0x00,0x00,0x00,0x00,0x00,0x00,
 274          0x00,0x00,0x00,0x00,0x00,0x00,0x00,0x00,0x00,0x00,0x00,0x00,0x00,0x00,0x00,0x00,
 275          0x00,0x00,0x00,0x00,0x00,0x00,0x00,0x00,0x00,0x00,0x00,0x00,0x00,0x00,0x00,0x00,
 276          0x00,0x00,0x00,0x00,0x00,0x00,0x00,0x00,0x00,0x00,0x00,0x00,0x00,0x00,0x00,0x00,
 277          0x00,0x00,0x00,0x00,0x00,0x00,0x00,0x00,0x00,0x00,0x00,0x00,0x00,0x00,0x00,0x00,
 278          0x00,0x00,0x00,0x00,0x00,0x00,0x00,0x00,0x00,0x00,0x80,0xE0,0xF8,0x3F,0x17,0x10,
 279          0x10,0x10,0x10,0x10,0xF0,0x7C,0x0F,0x03,0x00,0x80,0xE0,0x70,0x58,0x4C,0x44,0x64,
 280          0x3C,0x18,0x00,0x00,0x00,0x00,0xE0,0x3F,0x01,0x00,0x00,0x00,0x00,0x08,0x08,0x08,
 281          0x08,0x18,0xF8,0x08,0x08,0x08,0x08,0x00,0x00,0x00,0x80,0xE0,0x20,0x30,0x10,0x10,
 282          0xF0,0x60,0x00,0x00,0x00,0x00,0x00,0x00,0x80,0x40,0x60,0x20,0x20,0x20,0x00,0x00,
 283          0x00,0x00,0x00,0x00,0x00,0x00,0x00,0x00,0x00,0x00,0x00,0x00,0x00,0x00,0x00,0x00,
 284          0x00,0x00,0x00,0x00,0x00,0x00,0x00,0x00,0x00,0x00,0x00,0x00,0x00,0x00,0x00,0x00,
 285          0x00,0x00,0x00,0x00,0x00,0x00,0x00,0x00,0x00,0x00,0x00,0x00,0x00,0x00,0x00,0x00,
 286          0x00,0x00,0x00,0x00,0x00,0x00,0x00,0x00,0x00,0x00,0x00,0x00,0x00,0x0C,0x0F,0x07,
 287          0x00,0x00,0x00,0x00,0x00,0x10,0x1C,0x0F,0x03,0x00,0x00,0x00,0x00,0x03,0x06,0x04,
 288          0x04,0x04,0x04,0x06,0x03,0x00,0x00,0x00,0x00,0x1E,0x13,0x10,0x18,0x08,0x00,0x00,
 289          0x00,0x00,0x00,0x00,0x00,0x78,0x0F,0x00,0x00,0x00,0x00,0x00,0x00,0x00,0x1F,0x32,
 290          0x22,0x22,0x22,0x23,0x31,0x10,0x18,0x00,0x00,0x00,0x00,0x0F,0x39,0x20,0x20,0x20,
 291          0x20,0x20,0x30,0x10,0x18,0x00,0x00,0x00,0x00,0x00,0x00,0x00,0x00,0x00,0x00,0x00,
 292          0x00,0x00,0x00,0x00,0x00,0x00,0x00,0x00,0x00,0x00,0x00,0x00,0x00,0x00,0x00,0x00,
 293          0x00,0x00,0x00,0x00,0x00,0x00,0x00,0x00,0x00,0x00,0x00,0x00,0x00,0x00,0x00,0x00,
 294          0x00,0x00,0x00,0x00,0x00,0x00,0x00,0x00,0x00,0x00,0x00,0x00,0x00,0x00,0x00,0x00,
 295          0x00,0x00,0x00,0x00,0x00,0x00,0x00,0x00,0x00,0x00,0x00,0x00,0x00,0x00,0x00,0x00,
 296          0x00,0x00,0x00,0x00,0x00,0x00,0x00,0x00,0x00,0x00,0x00,0x00,0x00,0x00,0x00,0x00,
 297          0x00,0x00,0x00,0x00,0x00,0x00,0x00,0x00,0x00,0x00,0x00,0x00,0x00,0x00,0x00,0x00,
 298          0x00,0x00,0x00,0x04,0x00,0x00,0x00,0x00,0xE0,0x30,0x18,0x0C,0x04,0x04,0x04,0x04,
 299          0x04,0x00,0x00,0x00,0x00,0x00,0x00,0x00,0x80,0xE0,0x38,0xF0,0x80,0x00,0x00,0x00,
 300          0x00,0x80,0xF0,0x18,0x00,0x00,0x00,0x00,0x00,0x00,0x00,0x00,0x00,0x00,0x00,0x00,
 301          0x00,0x00,0x00,0x00,0x00,0x00,0x00,0x00,0x00,0x00,0x00,0x00,0x00,0x00,0x00,0x00,
 302          0x00,0x00,0x00,0x00,0x00,0x00,0x00,0x00,0x00,0x00,0x00,0x00,0x00,0x00,0x00,0x00,
C51 COMPILER V9.60.0.0   CODETAB                                                           10/09/2019 09:31:56 PAGE 6   

 303          0x00,0x00,0x00,0x00,0x00,0x00,0x00,0x00,0x00,0x00,0x00,0x00,0x00,0x00,0x00,0x00,
 304          0x00,0x00,0x00,0x00,0x00,0x00,0x00,0x00,0x00,0x00,0x00,0x00,0x00,0x00,0x00,0x00,
 305          0x00,0x00,0x00,0x00,0x00,0x00,0x00,0x00,0x00,0x00,0x00,0x00,0x00,0x00,0x00,0x00,
 306          0x00,0x00,0x00,0x00,0x00,0x00,0x00,0x00,0x00,0x00,0x00,0x00,0x07,0x0C,0x18,0x10,
 307          0x10,0x18,0x08,0x0C,0x06,0x02,0x00,0x00,0x00,0x30,0x38,0x0E,0x03,0x00,0x00,0x00,
 308          0x03,0x0E,0x38,0x30,0x1C,0x07,0x00,0x00,0x00,0x00,0x00,0x00,0x00,0x00,0x00,0x00,
 309          0x00,0x00,0x00,0x00,0x00,0x00,0x00,0x00,0x00,0x00,0x00,0x00,0x00,0x00,0x00,0x00,
 310          0x00,0x00,0x00,0x00,0x00,0x00,0x00,0x00,0x00,0x00,0x00,0x00,0x00,0x00,0x00,0x00,
 311          0x00,0x00,0x00,0x00,0x00,0x00,0x00,0x00,0x00,0x00,0x00,0x00,0x00,0x00,0x00,0x00,
 312          0x00,0x00,0x00,0x00,0x00,0x00,0x00,0x00,0x00,0x00,0x00,0x00,0x00,0x00,0x00,0x00,
 313          0x00,0x00,0x00,0x00,0x00,0x00,0x00,0x00,0x00,0x00,0x00,0x00,0x00,0x00,0x00,0x00,
 314          0x00,0x00,0x00,0x00,0x00,0x00,0x00,0x00,0x00,0x00,0x00,0x00,0x00,0x00,0x00,0x00,
 315          0x00,0x00,0x00,0x00,0x00,0x00,0x00,0x00,0x00,0x00,0x00,0x00,0x00,0x00,0x00,0x00,
 316          0x00,0x00,0x00,0x00,0x00,0x00,0x00,0x00,0x00,0x00,0x00,0x00,0x00,0x00,0x00,0x00,
 317          0x00,0x00,0x00,0x00,0x00,0x00,0x00,0x00,0x00,0x00,0x00,0x00,0x00,0x00,0x00,0x00,/*"3w.heltec.cn",0*/
 318          };
 319          
 320          
 321          unsigned char code BMP3[] =
 322          {
 323          0x00,0x00,0x00,0x00,0x00,0x00,0x00,0x00,0x00,0x00,0x00,0x00,0x00,0x00,0x00,0x00,
 324          0x00,0x00,0xFE,0x3E,0x36,0x06,0x26,0x36,0x06,0x26,0x36,0x06,0x26,0x36,0x06,0x26,
 325          0x36,0x06,0x26,0x36,0x06,0x26,0xFE,0x00,0x00,0x00,0x00,0x00,0x00,0x00,0x00,0x00,
 326          0x00,0x00,0x00,0x00,0x00,0x00,0x00,0x00,0x00,0x00,0x00,0x00,0x00,0x00,0x00,0x00,
 327          0x00,0x00,0x00,0x00,0x00,0x00,0x00,0x00,0x00,0x00,0x00,0x00,0x00,0x00,0x00,0x00,
 328          0x00,0x00,0xFF,0x00,0x06,0x0C,0x08,0x28,0x08,0x08,0x08,0xC0,0xA0,0x80,0x08,0x08,
 329          0x08,0x28,0x08,0x0C,0x06,0x00,0xFF,0x00,0x00,0x00,0x00,0x00,0x00,0x00,0x00,0x00,
 330          0x00,0x00,0x00,0x00,0x00,0x00,0x00,0x00,0x00,0x00,0x00,0x00,0x00,0x00,0x00,0x00,
 331          0x00,0x00,0x00,0x00,0x00,0x00,0x00,0x00,0x00,0x00,0x00,0x00,0x00,0x00,0x00,0x00,
 332          0x00,0x00,0x01,0x0F,0x38,0x60,0xC0,0x80,0x00,0x00,0x1C,0x14,0x14,0x14,0x1C,0x00,
 333          0x00,0x80,0xC0,0x60,0x38,0x0E,0x01,0x00,0x00,0x00,0x00,0x00,0x00,0x00,0x00,0x00,
 334          0x00,0x00,0x00,0x00,0x00,0x00,0x00,0x00,0x00,0x00,0x00,0x00,0x00,0x00,0x00,0x00,
 335          0x00,0x00,0x00,0x00,0x00,0x00,0x00,0x00,0x00,0x00,0x00,0x00,0x00,0x00,0x00,0x00,
 336          0x00,0x00,0x00,0x00,0x00,0x00,0x00,0x00,0x01,0x01,0x01,0x01,0x01,0x01,0x01,0x01,
 337          0x01,0x00,0x00,0x00,0x00,0x00,0x00,0x00,0x00,0x00,0x00,0x00,0x00,0x00,0x00,0x00,
 338          0x00,0x00,0x00,0x00,0x00,0x00,0x00,0x00,0x00,0x00,0x00,0x00,0x00,0x00,0x00,0x00,/*"未命名文件",0*/
 339          
 340          
 341          };


MODULE INFORMATION:   STATIC OVERLAYABLE
   CODE SIZE        =   ----    ----
   CONSTANT SIZE    =   3896    ----
   XDATA SIZE       =   ----    ----
   PDATA SIZE       =   ----    ----
   DATA SIZE        =   ----    ----
   IDATA SIZE       =   ----    ----
   BIT SIZE         =   ----    ----
END OF MODULE INFORMATION.


C51 COMPILATION COMPLETE.  0 WARNING(S),  0 ERROR(S)
