C51 COMPILER V9.60.0.0   DELAY                                                             10/09/2019 09:31:56 PAGE 1   


C51 COMPILER V9.60.0.0, COMPILATION OF MODULE DELAY
OBJECT MODULE PLACED IN .\Objects\Delay.obj
COMPILER INVOKED BY: D:\workdone\keil5\c51&arm\C51\BIN\C51.EXE Src\Delay.c OPTIMIZE(8,SPEED) BROWSE INCDIR(.\Inc;.\Confi
                    -g) DEBUG OBJECTEXTEND PRINT(.\Listings\Delay.lst) TABS(2) OBJECT(.\Objects\Delay.obj)

line level    source

   1          /************************************************************************************
   2          *  Copyright (c), 2013, HelTec Automatic Technology co.,LTD.
   3          *            All rights reserved.
   4          *
   5          * Http:    www.heltec.cn
   6          * Email:   support@heltec.cn
   7          * WebShop: heltec.taobao.com
   8          *
   9          * Processor: STC89C52
  10          * Compiler : Keil C51 Compiler
  11          * 
  12          * Author : Heltec Automation
  13          *
  14          * Others: none;
  15          *
  16          * Function List:
  17          * 1. void DelayUs(unsigned int time);  ??uS
  18          * 2. void DelayMs(unsigned int time);  ??mS
  19          * 3. void DelayS( unsigned int time);  ??S
  20          *
  21          *************************************************************************************/
  22          
  23          #include "Delay.h"
  24          
  25          
  26          void DelayMs(unsigned int time)
  27          {
  28   1        unsigned int i,j;
  29   1        for(i=0;i<time;i++)
  30   1          for(j=0;j<111;j++);
  31   1      }
  32          
  33          void DelayS(unsigned int time)
  34          {
  35   1        unsigned int i;
  36   1        for(i=0;i<time;i++)
  37   1          DelayMs(1021);
  38   1      }


MODULE INFORMATION:   STATIC OVERLAYABLE
   CODE SIZE        =     61    ----
   CONSTANT SIZE    =   ----    ----
   XDATA SIZE       =   ----    ----
   PDATA SIZE       =   ----    ----
   DATA SIZE        =   ----       2
   IDATA SIZE       =   ----    ----
   BIT SIZE         =   ----    ----
END OF MODULE INFORMATION.


C51 COMPILATION COMPLETE.  0 WARNING(S),  0 ERROR(S)
