C51 COMPILER V9.60.0.0   TIMER                                                             08/02/2019 10:57:02 PAGE 1   


C51 COMPILER V9.60.0.0, COMPILATION OF MODULE TIMER
OBJECT MODULE PLACED IN .\Objects\Timer.obj
COMPILER INVOKED BY: D:\workdone\keil5\c51&arm\C51\BIN\C51.EXE Src\Timer.c OPTIMIZE(8,SPEED) BROWSE DEBUG OBJECTEXTEND P
                    -RINT(.\Listings\Timer.lst) TABS(2) OBJECT(.\Objects\Timer.obj)

line level    source

   1          /************************************************************************************
   2          *  Copyright (c), 2015, HelTec Automation Technology co.,LTD.
   3          *            All rights reserved.
   4          *
   5          * File name: Timer.c
   6          * Project  : HelTec
   7          * Processor: STC89C52
   8          * Compiler : Keil C51 V9.52.0.0
   9          * 
  10          * Author : Aaron.Lee
  11          * Version: 1.00
  12          * Date   : 2014.3.21
  13          * Email  : leehunter8801@gmail.com
  14          * Modification: none
  15          *
  16          * Description: 定时/计数器timer0操作函数;
  17          *
  18          * Others: none;
  19          *
  20          * Function List:
  21          * 1. void Timer0_Init(unsigned char Mode, unsigned int Num);  定时器0初始化,可以设定定时器模式和计数的次数
  22          *
  23          *************************************************************************************/
  24          #include "Timer.h"
*** WARNING C318 IN LINE 24 OF Src\Timer.c: can't open file 'Timer.h'
  25          
  26          /*****************************************************************
  27          * 
  28          * Mode = 0,Num = 0~8191  -> 方式0 -- 计数最大值8192,中断之后需要重装初值；
  29          * Mode = 1,Num = 0~65534 -> 方式1 -- 计数最大值65535,中断之后需要重装初值；
  30          * Mode = 2,Num = 0~255   -> 方式2 -- 计数最大值256,中断之后无需重装初值；
  31          * 
  32          ******************************************************************/
  33          void Timer0_Init(unsigned char Mode, unsigned int Num)
  34          {
  35   1        switch(Mode)
  36   1        {
  37   2          case 0:
  38   2          {
  39   3            TMOD |= 0x00;
*** ERROR C202 IN LINE 39 OF Src\Timer.c: 'TMOD': undefined identifier
  40   3            TH0=(8192-Num)/32;
*** ERROR C202 IN LINE 40 OF Src\Timer.c: 'TH0': undefined identifier
  41   3            TL0=(8192-Num)%32;
*** ERROR C202 IN LINE 41 OF Src\Timer.c: 'TL0': undefined identifier
  42   3          }break;
  43   2          case 1:
  44   2          {
  45   3            TMOD |= 0x01;
*** ERROR C202 IN LINE 45 OF Src\Timer.c: 'TMOD': undefined identifier
  46   3            TH0=(65535-Num)/256;
*** ERROR C202 IN LINE 46 OF Src\Timer.c: 'TH0': undefined identifier
  47   3            TL0=(65535-Num)%256;
*** ERROR C202 IN LINE 47 OF Src\Timer.c: 'TL0': undefined identifier
C51 COMPILER V9.60.0.0   TIMER                                                             08/02/2019 10:57:02 PAGE 2   

  48   3          }break;
  49   2          case 2:
  50   2          {
  51   3            TMOD |= 0x02;
*** ERROR C202 IN LINE 51 OF Src\Timer.c: 'TMOD': undefined identifier
  52   3            TH0 = 256 - Num;
*** ERROR C202 IN LINE 52 OF Src\Timer.c: 'TH0': undefined identifier
  53   3            TL0 = 256 - Num;
*** ERROR C202 IN LINE 53 OF Src\Timer.c: 'TL0': undefined identifier
  54   3          }break;
  55   2        }
  56   1        TR0=1;
*** ERROR C202 IN LINE 56 OF Src\Timer.c: 'TR0': undefined identifier
  57   1        ET0=1;
*** ERROR C202 IN LINE 57 OF Src\Timer.c: 'ET0': undefined identifier
  58   1      }

C51 COMPILATION COMPLETE.  1 WARNING(S),  11 ERROR(S)
