C51 COMPILER V9.60.0.0   UART                                                              08/02/2019 10:57:02 PAGE 1   


C51 COMPILER V9.60.0.0, COMPILATION OF MODULE UART
OBJECT MODULE PLACED IN .\Objects\Uart.obj
COMPILER INVOKED BY: D:\workdone\keil5\c51&arm\C51\BIN\C51.EXE Src\Uart.c OPTIMIZE(8,SPEED) BROWSE DEBUG OBJECTEXTEND PR
                    -INT(.\Listings\Uart.lst) TABS(2) OBJECT(.\Objects\Uart.obj)

line level    source

   1          /************************************************************************************
   2          *  Copyright (c), 2015, HelTec Automation Technology co.,LTD.
   3          *            All rights reserved.
   4          *
   5          * File name: Uart.c
   6          * Project  : HelTec
   7          * Processor: STC89C52
   8          * Compiler : Keil C51 V9.52.0.0
   9          * 
  10          * Author : Aaron.Lee
  11          * Version: 1.01
  12          * Date   : 2014.7.30
  13          * Email  : leehunter8801@gmail.com
  14          * Modification:
  15          * 2014-7-30 : 增加波特率选择
  16          *
  17          * Description: UART通信;
  18          *
  19          * Others: none;
  20          *
  21          * Function List:
  22          * 1. void UART_Init(void);  串口初始化
  23          * 2. void UART_SentChar(unsigned char chr);  发送一个字符
  24          * 3. unsigned char UART_RecChar(void);  查询方式接收一个字符
  25          * 4. void UART_SendString(unsigned char *str);  发送字符串
  26          *
  27          *************************************************************************************/
  28          #include "Uart.h"
*** WARNING C318 IN LINE 28 OF Src\Uart.c: can't open file 'Uart.h'
  29          
  30          void UART_Init()
  31          {
  32   1        
  33   1          TMOD |= 0x20;       //T1工作于方式2
*** ERROR C202 IN LINE 33 OF Src\Uart.c: 'TMOD': undefined identifier
  34   1      
  35   1        // 配置 SCON
  36   1      #if (PARITYBIT == NONE_PARITY)
*** WARNING C322 IN LINE 36 OF Src\Uart.c: unknown identifier
*** WARNING C322 IN LINE 36 OF Src\Uart.c: unknown identifier
  37   1        SCON = 0x50;            //8-bit variable UART
*** ERROR C202 IN LINE 37 OF Src\Uart.c: 'SCON': undefined identifier
  38   1      #elif (PARITYBIT == ODD_PARITY) || (PARITYBIT == EVEN_PARITY) || (PARITYBIT == MARK_PARITY)
                SCON = 0xda;            //9-bit variable UART, parity bit initial to 1
              #elif (PARITYBIT == SPACE_PARITY)
                SCON = 0xd2;            //9-bit variable UART, parity bit initial to 0
              #endif
  43   1      
  44   1        // 根据系统晶振及波特率设置T1自动重装初始值
  45   1        TH1 = TL1 = -(FOSC/12/32/BAUD); //Set auto-reload vaule
*** ERROR C202 IN LINE 45 OF Src\Uart.c: 'TH1': undefined identifier
  46   1      
  47   1        TR1 = 1;         //启动定时器1
*** ERROR C202 IN LINE 47 OF Src\Uart.c: 'TR1': undefined identifier
C51 COMPILER V9.60.0.0   UART                                                              08/02/2019 10:57:02 PAGE 2   

  48   1      //  ES = 1;
  49   1        /*
  50   1        switch(baud)
  51   1        {
  52   1          case 2400:  //板上默认12M晶振,12M晶振才能使用2400的波特率
  53   1          {
  54   1            TMOD |= 0x20;       //T1工作于方式2
  55   1            PCON |= 0x00;       //SMOD = 0
  56   1            SCON |= 0x50;       //串口方式1 8个数据位
  57   1            TH1=0xf3;TL1=0xf3;  //2400比特率
  58   1            TR1 = 1;            //启动定时器1
  59   1            ES=1;               //开串口中断
  60   1          }
  61   1          case 9600: //11.0592M的晶振才有效
  62   1          {
  63   1            TMOD |= 0x20;       //T1工作于方式2
  64   1            PCON |= 0x00;       //SMOD = 0
  65   1            SCON |= 0x50;       //串口方式1 8个数据位
  66   1            TH1=0xfd;TL1=0xfd; //9600比特率
  67   1            TR1 = 1;            //启动定时器1
  68   1            ES=1;              //开串口中断
  69   1          }
  70   1        }
  71   1        */
  72   1      }
  73          
  74          /*发送一个字符*/
  75          void UART_SentChar(unsigned char chr)
  76          {
  77   1        SBUF = chr;
*** ERROR C202 IN LINE 77 OF Src\Uart.c: 'SBUF': undefined identifier
  78   1        while(!TI);
*** ERROR C202 IN LINE 78 OF Src\Uart.c: 'TI': undefined identifier
  79   1          TI = 0;
*** ERROR C202 IN LINE 79 OF Src\Uart.c: 'TI': undefined identifier
  80   1      }
  81          
  82          /*查询方式 -- 接收一个字符*/
  83          unsigned char UART_RecChar(void)
  84          {
  85   1        unsigned char data recive;
  86   1      
  87   1        while(!RI);
*** ERROR C202 IN LINE 87 OF Src\Uart.c: 'RI': undefined identifier
  88   1          RI = 0;
*** ERROR C202 IN LINE 88 OF Src\Uart.c: 'RI': undefined identifier
  89   1        recive = SBUF;
*** ERROR C202 IN LINE 89 OF Src\Uart.c: 'SBUF': undefined identifier
  90   1      
  91   1        return(recive);
  92   1      }
  93          
  94          /*发送字符串*/
  95          void UART_SendString(unsigned char *str)
  96          {
  97   1        while(str && *str) //检测str是否有效
  98   1        {
  99   2          UART_SentChar(*str++); //发送数据
 100   2        }
 101   1      }

C51 COMPILATION COMPLETE.  3 WARNING(S),  10 ERROR(S)
